<?xml version="1.0" encoding="UTF-8"?>
<testsuite name="StatementPrinterTests" tests="2" skipped="0" failures="0" errors="0" timestamp="2023-10-22T16:41:08" hostname="DESKTOP-N28TEIJ" time="0.327">
  <properties/>
  <testcase name="exampleStatement()" classname="StatementPrinterTests" time="0.311"/>
  <testcase name="statementWithNewPlayTypes()" classname="StatementPrinterTests" time="0.014"/>
  <system-out><![CDATA[]]></system-out>
  <system-err><![CDATA[]]></system-err>
</testsuite>
